<?xml version="1.0" encoding="UTF-8"?>
<!-- Generated by org.testng.reporters.JUnitReportReporter -->
<testsuite skipped="0" hostname="DIIPL109" name="DemoTest" tests="2" failures="0" timestamp="19 Feb 2022 07:37:01 GMT" time="0.037" errors="0">
  <testcase name="CheckInside" time="0.032" classname="DemoTest"/>
  <testcase name="CheckOutside" time="0.005" classname="DemoTest"/>
</testsuite> <!-- DemoTest -->
